# JRE version: Java(TM) SE Runtime Environment (8.0_20-b26) (build 1.8.0_20-b26)
# Java VM: Java HotSpot(TM) 64-Bit Server VM (25.20-b23 mixed mode windows-amd64 compressed oops)
Heap:
 PSYoungGen      total 104448K, used 97807K [0x00000000eab00000, 0x00000000f2b00000, 0x0000000100000000)
  eden space 99328K, 93% used [0x00000000eab00000,0x00000000f05a7ef0,0x00000000f0c00000)
  from space 5120K, 97% used [0x00000000f0e80000,0x00000000f135c010,0x00000000f1380000)
  to   space 15872K, 0% used [0x00000000f1b80000,0x00000000f1b80000,0x00000000f2b00000)
 ParOldGen       total 109056K, used 38406K [0x00000000c0000000, 0x00000000c6a80000, 0x00000000eab00000)
  object space 109056K, 35% used [0x00000000c0000000,0x00000000c2581878,0x00000000c6a80000)
 Metaspace       used 57362K, capacity 60162K, committed 60544K, reserved 1101824K
  class space    used 7493K, capacity 7964K, committed 8064K, reserved 1048576K
GC Heap History (10 events):
Event: 7876.693 GC heap before
{Heap before GC invocations=36 (full 8):
 PSYoungGen      total 125440K, used 107008K [0x00000000eab00000, 0x00000000f3780000, 0x0000000100000000)
  eden space 107008K, 100% used [0x00000000eab00000,0x00000000f1380000,0x00000000f1380000)
  from space 18432K, 0% used [0x00000000f1380000,0x00000000f1380000,0x00000000f2580000)
  to   space 18432K, 0% used [0x00000000f2580000,0x00000000f2580000,0x00000000f3780000)
 ParOldGen       total 109056K, used 42651K [0x00000000c0000000, 0x00000000c6a80000, 0x00000000eab00000)
  object space 109056K, 39% used [0x00000000c0000000,0x00000000c29a6fb8,0x00000000c6a80000)
 Metaspace       used 57164K, capacity 59974K, committed 60032K, reserved 1101824K
  class space    used 7522K, capacity 8012K, committed 8064K, reserved 1048576K
Event: 7876.727 GC heap after
Heap after GC invocations=36 (full 8):
 PSYoungGen      total 118272K, used 5135K [0x00000000eab00000, 0x00000000f3300000, 0x0000000100000000)
  eden space 104448K, 0% used [0x00000000eab00000,0x00000000eab00000,0x00000000f1100000)
  from space 13824K, 37% used [0x00000000f2580000,0x00000000f2a83c50,0x00000000f3300000)
  to   space 17408K, 0% used [0x00000000f1100000,0x00000000f1100000,0x00000000f2200000)
 ParOldGen       total 109056K, used 42659K [0x00000000c0000000, 0x00000000c6a80000, 0x00000000eab00000)
  object space 109056K, 39% used [0x00000000c0000000,0x00000000c29a8fb8,0x00000000c6a80000)
 Metaspace       used 57164K, capacity 59974K, committed 60032K, reserved 1101824K
  class space    used 7522K, capacity 8012K, committed 8064K, reserved 1048576K
}
Event: 7881.762 GC heap before
{Heap before GC invocations=37 (full 8):
 PSYoungGen      total 118272K, used 109583K [0x00000000eab00000, 0x00000000f3300000, 0x0000000100000000)
  eden space 104448K, 100% used [0x00000000eab00000,0x00000000f1100000,0x00000000f1100000)
  from space 13824K, 37% used [0x00000000f2580000,0x00000000f2a83c50,0x00000000f3300000)
  to   space 17408K, 0% used [0x00000000f1100000,0x00000000f1100000,0x00000000f2200000)
 ParOldGen       total 109056K, used 42659K [0x00000000c0000000, 0x00000000c6a80000, 0x00000000eab00000)
  object space 109056K, 39% used [0x00000000c0000000,0x00000000c29a8fb8,0x00000000c6a80000)
 Metaspace       used 57283K, capacity 60178K, committed 60288K, reserved 1101824K
  class space    used 7523K, capacity 8014K, committed 8064K, reserved 1048576K
Event: 7881.773 GC heap after
Heap after GC invocations=37 (full 8):
 PSYoungGen      total 107008K, used 4863K [0x00000000eab00000, 0x00000000f2f80000, 0x0000000100000000)
  eden space 101888K, 0% used [0x00000000eab00000,0x00000000eab00000,0x00000000f0e80000)
  from space 5120K, 94% used [0x00000000f1100000,0x00000000f15bfc60,0x00000000f1600000)
  to   space 16896K, 0% used [0x00000000f1f00000,0x00000000f1f00000,0x00000000f2f80000)
 ParOldGen       total 109056K, used 42667K [0x00000000c0000000, 0x00000000c6a80000, 0x00000000eab00000)
  object space 109056K, 39% used [0x00000000c0000000,0x00000000c29aafb8,0x00000000c6a80000)
 Metaspace       used 57283K, capacity 60178K, committed 60288K, reserved 1101824K
  class space    used 7523K, capacity 8014K, committed 8064K, reserved 1048576K
}
Event: 7884.469 GC heap before
{Heap before GC invocations=38 (full 8):
 PSYoungGen      total 107008K, used 31933K [0x00000000eab00000, 0x00000000f2f80000, 0x0000000100000000)
  eden space 101888K, 26% used [0x00000000eab00000,0x00000000ec56fa50,0x00000000f0e80000)
  from space 5120K, 94% used [0x00000000f1100000,0x00000000f15bfc60,0x00000000f1600000)
  to   space 16896K, 0% used [0x00000000f1f00000,0x00000000f1f00000,0x00000000f2f80000)
 ParOldGen       total 109056K, used 42667K [0x00000000c0000000, 0x00000000c6a80000, 0x00000000eab00000)
  object space 109056K, 39% used [0x00000000c0000000,0x00000000c29aafb8,0x00000000c6a80000)
 Metaspace       used 57314K, capacity 60248K, committed 60544K, reserved 1101824K
  class space    used 7523K, capacity 8015K, committed 8064K, reserved 1048576K
Event: 7884.473 GC heap after
Heap after GC invocations=38 (full 8):
 PSYoungGen      total 117760K, used 1456K [0x00000000eab00000, 0x00000000f2e80000, 0x0000000100000000)
  eden space 101888K, 0% used [0x00000000eab00000,0x00000000eab00000,0x00000000f0e80000)
  from space 15872K, 9% used [0x00000000f1f00000,0x00000000f206c030,0x00000000f2e80000)
  to   space 16384K, 0% used [0x00000000f0e80000,0x00000000f0e80000,0x00000000f1e80000)
 ParOldGen       total 109056K, used 42667K [0x00000000c0000000, 0x00000000c6a80000, 0x00000000eab00000)
  object space 109056K, 39% used [0x00000000c0000000,0x00000000c29aafb8,0x00000000c6a80000)
 Metaspace       used 57314K, capacity 60248K, committed 60544K, reserved 1101824K
  class space    used 7523K, capacity 8015K, committed 8064K, reserved 1048576K
}
Event: 7884.473 GC heap before
{Heap before GC invocations=39 (full 9):
 PSYoungGen      total 117760K, used 1456K [0x00000000eab00000, 0x00000000f2e80000, 0x0000000100000000)
  eden space 101888K, 0% used [0x00000000eab00000,0x00000000eab00000,0x00000000f0e80000)
  from space 15872K, 9% used [0x00000000f1f00000,0x00000000f206c030,0x00000000f2e80000)
  to   space 16384K, 0% used [0x00000000f0e80000,0x00000000f0e80000,0x00000000f1e80000)
 ParOldGen       total 109056K, used 42667K [0x00000000c0000000, 0x00000000c6a80000, 0x00000000eab00000)
  object space 109056K, 39% used [0x00000000c0000000,0x00000000c29aafb8,0x00000000c6a80000)
 Metaspace       used 57314K, capacity 60248K, committed 60544K, reserved 1101824K
  class space    used 7523K, capacity 8015K, committed 8064K, reserved 1048576K
Event: 7885.409 GC heap after
Heap after GC invocations=39 (full 9):
 PSYoungGen      total 117760K, used 0K [0x00000000eab00000, 0x00000000f2e80000, 0x0000000100000000)
  eden space 101888K, 0% used [0x00000000eab00000,0x00000000eab00000,0x00000000f0e80000)
  from space 15872K, 0% used [0x00000000f1f00000,0x00000000f1f00000,0x00000000f2e80000)
  to   space 16384K, 0% used [0x00000000f0e80000,0x00000000f0e80000,0x00000000f1e80000)
 ParOldGen       total 109056K, used 38398K [0x00000000c0000000, 0x00000000c6a80000, 0x00000000eab00000)
  object space 109056K, 35% used [0x00000000c0000000,0x00000000c257f878,0x00000000c6a80000)
 Metaspace       used 56788K, capacity 59404K, committed 60544K, reserved 1101824K
  class space    used 7410K, capacity 7834K, committed 8064K, reserved 1048576K
}
Event: 8102.103 GC heap before
{Heap before GC invocations=40 (full 9):
 PSYoungGen      total 117760K, used 101888K [0x00000000eab00000, 0x00000000f2e80000, 0x0000000100000000)
  eden space 101888K, 100% used [0x00000000eab00000,0x00000000f0e80000,0x00000000f0e80000)
  from space 15872K, 0% used [0x00000000f1f00000,0x00000000f1f00000,0x00000000f2e80000)
  to   space 16384K, 0% used [0x00000000f0e80000,0x00000000f0e80000,0x00000000f1e80000)
 ParOldGen       total 109056K, used 38398K [0x00000000c0000000, 0x00000000c6a80000, 0x00000000eab00000)
  object space 109056K, 35% used [0x00000000c0000000,0x00000000c257f878,0x00000000c6a80000)
 Metaspace       used 57091K, capacity 59860K, committed 60544K, reserved 1101824K
  class space    used 7455K, capacity 7904K, committed 8064K, reserved 1048576K
Event: 8102.119 GC heap after
Heap after GC invocations=40 (full 9):
 PSYoungGen      total 104448K, used 4976K [0x00000000eab00000, 0x00000000f2b00000, 0x0000000100000000)
  eden space 99328K, 0% used [0x00000000eab00000,0x00000000eab00000,0x00000000f0c00000)
  from space 5120K, 97% used [0x00000000f0e80000,0x00000000f135c010,0x00000000f1380000)
  to   space 15872K, 0% used [0x00000000f1b80000,0x00000000f1b80000,0x00000000f2b00000)
 ParOldGen       total 109056K, used 38406K [0x00000000c0000000, 0x00000000c6a80000, 0x00000000eab00000)
  object space 109056K, 35% used [0x00000000c0000000,0x00000000c2581878,0x00000000c6a80000)
 Metaspace       used 57091K, capacity 59860K, committed 60544K, reserved 1101824K
  class space    used 7455K, capacity 7904K, committed 8064K, reserved 1048576K
}

